2022-02-27 12:49:58.737  INFO 6832 --- [main] c.d.s.Springbootegitimserisi3Application : Starting Springbootegitimserisi3Application using Java 1.8.0-262 on DESKTOP-G7PI49N with PID 6832 (C:\Users\derya\eclipse-workspace\springbootegitimserisi-3\target\classes started by derya in C:\Users\derya\eclipse-workspace\springbootegitimserisi-3)
2022-02-27 12:49:58.746  INFO 6832 --- [main] c.d.s.Springbootegitimserisi3Application : No active profile set, falling back to 1 default profile: "default"
2022-02-27 12:50:00.000  INFO 6832 --- [main] .s.d.r.c.RepositoryConfigurationDelegate : Bootstrapping Spring Data JPA repositories in DEFAULT mode.
2022-02-27 12:50:00.157  INFO 6832 --- [main] .s.d.r.c.RepositoryConfigurationDelegate : Finished Spring Data repository scanning in 78 ms. Found 1 JPA repository interfaces.
2022-02-27 12:50:01.344  INFO 6832 --- [main] o.s.b.w.embedded.tomcat.TomcatWebServer  : Tomcat initialized with port(s): 8080 (http)
2022-02-27 12:50:01.359  INFO 6832 --- [main] o.apache.catalina.core.StandardService   : Starting service [Tomcat]
2022-02-27 12:50:01.360  INFO 6832 --- [main] org.apache.catalina.core.StandardEngine  : Starting Servlet engine: [Apache Tomcat/9.0.58]
2022-02-27 12:50:01.490  INFO 6832 --- [main] o.a.c.c.C.[Tomcat].[localhost].[/]       : Initializing Spring embedded WebApplicationContext
2022-02-27 12:50:01.490  INFO 6832 --- [main] w.s.c.ServletWebServerApplicationContext : Root WebApplicationContext: initialization completed in 2654 ms
2022-02-27 12:50:01.962  INFO 6832 --- [main] o.hibernate.jpa.internal.util.LogHelper  : HHH000204: Processing PersistenceUnitInfo [name: default]
2022-02-27 12:50:02.052  INFO 6832 --- [main] org.hibernate.Version                    : HHH000412: Hibernate ORM core version 5.6.5.Final
2022-02-27 12:50:02.430  INFO 6832 --- [main] o.hibernate.annotations.common.Version   : HCANN000001: Hibernate Commons Annotations {5.1.2.Final}
2022-02-27 12:50:02.609  INFO 6832 --- [main] com.zaxxer.hikari.HikariDataSource       : HikariPool-1 - Starting...
2022-02-27 12:50:02.960  INFO 6832 --- [main] com.zaxxer.hikari.HikariDataSource       : HikariPool-1 - Start completed.
2022-02-27 12:50:02.983  INFO 6832 --- [main] org.hibernate.dialect.Dialect            : HHH000400: Using dialect: org.hibernate.dialect.MySQL5InnoDBDialect
2022-02-27 12:50:03.956  INFO 6832 --- [main] o.h.e.t.j.p.i.JtaPlatformInitiator       : HHH000490: Using JtaPlatform implementation: [org.hibernate.engine.transaction.jta.platform.internal.NoJtaPlatform]
2022-02-27 12:50:03.968  INFO 6832 --- [main] j.LocalContainerEntityManagerFactoryBean : Initialized JPA EntityManagerFactory for persistence unit 'default'
2022-02-27 12:50:04.280  WARN 6832 --- [main] JpaBaseConfiguration$JpaWebConfiguration : spring.jpa.open-in-view is enabled by default. Therefore, database queries may be performed during view rendering. Explicitly configure spring.jpa.open-in-view to disable this warning
2022-02-27 12:50:04.962  INFO 6832 --- [main] o.s.s.web.DefaultSecurityFilterChain     : Will not secure any request
2022-02-27 12:50:05.067  INFO 6832 --- [main] o.s.b.w.embedded.tomcat.TomcatWebServer  : Tomcat started on port(s): 8080 (http) with context path ''
2022-02-27 12:50:05.075  INFO 6832 --- [main] c.d.s.Springbootegitimserisi3Application : Started Springbootegitimserisi3Application in 7.036 seconds (JVM running for 8.214)
2022-02-27 12:50:22.590  INFO 6832 --- [http-nio-8080-exec-1] o.a.c.c.C.[Tomcat].[localhost].[/]       : Initializing Spring DispatcherServlet 'dispatcherServlet'
2022-02-27 12:50:22.591  INFO 6832 --- [http-nio-8080-exec-1] o.s.web.servlet.DispatcherServlet        : Initializing Servlet 'dispatcherServlet'
2022-02-27 12:50:22.597  INFO 6832 --- [http-nio-8080-exec-1] o.s.web.servlet.DispatcherServlet        : Completed initialization in 6 ms
2022-02-27 12:55:36.622  INFO 6832 --- [RMI TCP Connection(9)-127.0.0.1] inMXBeanRegistrar$SpringApplicationAdmin : Application shutdown requested.
2022-02-27 12:55:36.845  INFO 6832 --- [RMI TCP Connection(9)-127.0.0.1] j.LocalContainerEntityManagerFactoryBean : Closing JPA EntityManagerFactory for persistence unit 'default'
2022-02-27 12:55:36.848  INFO 6832 --- [RMI TCP Connection(9)-127.0.0.1] com.zaxxer.hikari.HikariDataSource       : HikariPool-1 - Shutdown initiated...
2022-02-27 12:55:36.900  INFO 6832 --- [RMI TCP Connection(9)-127.0.0.1] com.zaxxer.hikari.HikariDataSource       : HikariPool-1 - Shutdown completed.
2022-02-27 12:56:03.453  INFO 10556 --- [main] c.d.s.Springbootegitimserisi3Application : Starting Springbootegitimserisi3Application using Java 1.8.0-262 on DESKTOP-G7PI49N with PID 10556 (C:\Users\derya\eclipse-workspace\springbootegitimserisi-3\target\classes started by derya in C:\Users\derya\eclipse-workspace\springbootegitimserisi-3)
2022-02-27 12:56:03.458  INFO 10556 --- [main] c.d.s.Springbootegitimserisi3Application : No active profile set, falling back to 1 default profile: "default"
2022-02-27 12:56:04.559  INFO 10556 --- [main] .s.d.r.c.RepositoryConfigurationDelegate : Bootstrapping Spring Data JPA repositories in DEFAULT mode.
2022-02-27 12:56:04.647  INFO 10556 --- [main] .s.d.r.c.RepositoryConfigurationDelegate : Finished Spring Data repository scanning in 74 ms. Found 1 JPA repository interfaces.
2022-02-27 12:56:05.562  INFO 10556 --- [main] o.s.b.w.embedded.tomcat.TomcatWebServer  : Tomcat initialized with port(s): 8080 (http)
2022-02-27 12:56:05.578  INFO 10556 --- [main] o.apache.catalina.core.StandardService   : Starting service [Tomcat]
2022-02-27 12:56:05.579  INFO 10556 --- [main] org.apache.catalina.core.StandardEngine  : Starting Servlet engine: [Apache Tomcat/9.0.58]
2022-02-27 12:56:06.517  INFO 10556 --- [main] o.a.c.c.C.[Tomcat].[localhost].[/]       : Initializing Spring embedded WebApplicationContext
2022-02-27 12:56:06.517  INFO 10556 --- [main] w.s.c.ServletWebServerApplicationContext : Root WebApplicationContext: initialization completed in 2977 ms
2022-02-27 12:56:06.825  INFO 10556 --- [main] o.hibernate.jpa.internal.util.LogHelper  : HHH000204: Processing PersistenceUnitInfo [name: default]
2022-02-27 12:56:06.912  INFO 10556 --- [main] org.hibernate.Version                    : HHH000412: Hibernate ORM core version 5.6.5.Final
2022-02-27 12:56:07.258  INFO 10556 --- [main] o.hibernate.annotations.common.Version   : HCANN000001: Hibernate Commons Annotations {5.1.2.Final}
2022-02-27 12:56:07.434  INFO 10556 --- [main] com.zaxxer.hikari.HikariDataSource       : HikariPool-1 - Starting...
2022-02-27 12:56:07.736  INFO 10556 --- [main] com.zaxxer.hikari.HikariDataSource       : HikariPool-1 - Start completed.
2022-02-27 12:56:07.764  INFO 10556 --- [main] org.hibernate.dialect.Dialect            : HHH000400: Using dialect: org.hibernate.dialect.MySQL5InnoDBDialect
2022-02-27 12:56:08.782  INFO 10556 --- [main] o.h.e.t.j.p.i.JtaPlatformInitiator       : HHH000490: Using JtaPlatform implementation: [org.hibernate.engine.transaction.jta.platform.internal.NoJtaPlatform]
2022-02-27 12:56:08.794  INFO 10556 --- [main] j.LocalContainerEntityManagerFactoryBean : Initialized JPA EntityManagerFactory for persistence unit 'default'
2022-02-27 12:56:09.250  WARN 10556 --- [main] JpaBaseConfiguration$JpaWebConfiguration : spring.jpa.open-in-view is enabled by default. Therefore, database queries may be performed during view rendering. Explicitly configure spring.jpa.open-in-view to disable this warning
2022-02-27 12:56:10.004  INFO 10556 --- [main] o.s.s.web.DefaultSecurityFilterChain     : Will not secure any request
2022-02-27 12:56:10.123  INFO 10556 --- [main] o.s.b.w.embedded.tomcat.TomcatWebServer  : Tomcat started on port(s): 8080 (http) with context path ''
2022-02-27 12:56:10.138  INFO 10556 --- [main] c.d.s.Springbootegitimserisi3Application : Started Springbootegitimserisi3Application in 7.453 seconds (JVM running for 15.089)
2022-02-27 12:56:21.653  INFO 10556 --- [http-nio-8080-exec-1] o.a.c.c.C.[Tomcat].[localhost].[/]       : Initializing Spring DispatcherServlet 'dispatcherServlet'
2022-02-27 12:56:21.653  INFO 10556 --- [http-nio-8080-exec-1] o.s.web.servlet.DispatcherServlet        : Initializing Servlet 'dispatcherServlet'
2022-02-27 12:56:21.655  INFO 10556 --- [http-nio-8080-exec-1] o.s.web.servlet.DispatcherServlet        : Completed initialization in 1 ms
2022-02-27 12:57:11.989  WARN 10556 --- [http-nio-8080-exec-10] .w.s.m.s.DefaultHandlerExceptionResolver : Resolved [org.springframework.web.HttpRequestMethodNotSupportedException: Request method 'GET' not supported]
2022-02-27 12:58:48.788  INFO 10556 --- [RMI TCP Connection(6)-127.0.0.1] inMXBeanRegistrar$SpringApplicationAdmin : Application shutdown requested.
2022-02-27 12:58:49.025  INFO 10556 --- [RMI TCP Connection(6)-127.0.0.1] j.LocalContainerEntityManagerFactoryBean : Closing JPA EntityManagerFactory for persistence unit 'default'
2022-02-27 12:58:49.046  INFO 10556 --- [RMI TCP Connection(6)-127.0.0.1] com.zaxxer.hikari.HikariDataSource       : HikariPool-1 - Shutdown initiated...
2022-02-27 12:58:49.065  INFO 10556 --- [RMI TCP Connection(6)-127.0.0.1] com.zaxxer.hikari.HikariDataSource       : HikariPool-1 - Shutdown completed.
2022-02-27 13:00:50.940  INFO 12384 --- [main] c.d.s.Springbootegitimserisi3Application : Starting Springbootegitimserisi3Application using Java 1.8.0-262 on DESKTOP-G7PI49N with PID 12384 (C:\Users\derya\eclipse-workspace\springbootegitimserisi-3\target\classes started by derya in C:\Users\derya\eclipse-workspace\springbootegitimserisi-3)
2022-02-27 13:00:50.944  INFO 12384 --- [main] c.d.s.Springbootegitimserisi3Application : No active profile set, falling back to 1 default profile: "default"
2022-02-27 13:00:51.787  INFO 12384 --- [main] .s.d.r.c.RepositoryConfigurationDelegate : Bootstrapping Spring Data JPA repositories in DEFAULT mode.
2022-02-27 13:00:51.842  INFO 12384 --- [main] .s.d.r.c.RepositoryConfigurationDelegate : Finished Spring Data repository scanning in 44 ms. Found 1 JPA repository interfaces.
2022-02-27 13:00:52.494  INFO 12384 --- [main] o.s.b.w.embedded.tomcat.TomcatWebServer  : Tomcat initialized with port(s): 8080 (http)
2022-02-27 13:00:52.507  INFO 12384 --- [main] o.apache.catalina.core.StandardService   : Starting service [Tomcat]
2022-02-27 13:00:52.508  INFO 12384 --- [main] org.apache.catalina.core.StandardEngine  : Starting Servlet engine: [Apache Tomcat/9.0.58]
2022-02-27 13:00:52.602  INFO 12384 --- [main] o.a.c.c.C.[Tomcat].[localhost].[/]       : Initializing Spring embedded WebApplicationContext
2022-02-27 13:00:52.603  INFO 12384 --- [main] w.s.c.ServletWebServerApplicationContext : Root WebApplicationContext: initialization completed in 1588 ms
2022-02-27 13:00:52.831  INFO 12384 --- [main] o.hibernate.jpa.internal.util.LogHelper  : HHH000204: Processing PersistenceUnitInfo [name: default]
2022-02-27 13:00:52.880  INFO 12384 --- [main] org.hibernate.Version                    : HHH000412: Hibernate ORM core version 5.6.5.Final
2022-02-27 13:00:53.146  INFO 12384 --- [main] o.hibernate.annotations.common.Version   : HCANN000001: Hibernate Commons Annotations {5.1.2.Final}
2022-02-27 13:00:53.261  INFO 12384 --- [main] com.zaxxer.hikari.HikariDataSource       : HikariPool-1 - Starting...
2022-02-27 13:00:53.473  INFO 12384 --- [main] com.zaxxer.hikari.HikariDataSource       : HikariPool-1 - Start completed.
2022-02-27 13:00:53.501  INFO 12384 --- [main] org.hibernate.dialect.Dialect            : HHH000400: Using dialect: org.hibernate.dialect.MySQL5InnoDBDialect
2022-02-27 13:00:54.223  INFO 12384 --- [main] o.h.e.t.j.p.i.JtaPlatformInitiator       : HHH000490: Using JtaPlatform implementation: [org.hibernate.engine.transaction.jta.platform.internal.NoJtaPlatform]
2022-02-27 13:00:54.234  INFO 12384 --- [main] j.LocalContainerEntityManagerFactoryBean : Initialized JPA EntityManagerFactory for persistence unit 'default'
2022-02-27 13:00:54.579  WARN 12384 --- [main] JpaBaseConfiguration$JpaWebConfiguration : spring.jpa.open-in-view is enabled by default. Therefore, database queries may be performed during view rendering. Explicitly configure spring.jpa.open-in-view to disable this warning
2022-02-27 13:00:55.093  INFO 12384 --- [main] o.s.s.web.DefaultSecurityFilterChain     : Will not secure any request
2022-02-27 13:00:55.184  INFO 12384 --- [main] o.s.b.w.embedded.tomcat.TomcatWebServer  : Tomcat started on port(s): 8080 (http) with context path ''
2022-02-27 13:00:55.193  INFO 12384 --- [main] c.d.s.Springbootegitimserisi3Application : Started Springbootegitimserisi3Application in 4.808 seconds (JVM running for 5.775)
2022-02-27 13:01:10.695  INFO 12384 --- [http-nio-8080-exec-1] o.a.c.c.C.[Tomcat].[localhost].[/]       : Initializing Spring DispatcherServlet 'dispatcherServlet'
2022-02-27 13:01:10.696  INFO 12384 --- [http-nio-8080-exec-1] o.s.web.servlet.DispatcherServlet        : Initializing Servlet 'dispatcherServlet'
2022-02-27 13:01:10.697  INFO 12384 --- [http-nio-8080-exec-1] o.s.web.servlet.DispatcherServlet        : Completed initialization in 1 ms
2022-02-27 13:08:09.456  INFO 12384 --- [RMI TCP Connection(11)-127.0.0.1] inMXBeanRegistrar$SpringApplicationAdmin : Application shutdown requested.
2022-02-27 13:08:09.628  INFO 12384 --- [RMI TCP Connection(11)-127.0.0.1] j.LocalContainerEntityManagerFactoryBean : Closing JPA EntityManagerFactory for persistence unit 'default'
2022-02-27 13:08:09.630  INFO 12384 --- [RMI TCP Connection(11)-127.0.0.1] com.zaxxer.hikari.HikariDataSource       : HikariPool-1 - Shutdown initiated...
2022-02-27 13:08:09.641  INFO 12384 --- [RMI TCP Connection(11)-127.0.0.1] com.zaxxer.hikari.HikariDataSource       : HikariPool-1 - Shutdown completed.
2022-02-27 13:10:30.775  INFO 14260 --- [main] c.d.s.Springbootegitimserisi3Application : Starting Springbootegitimserisi3Application using Java 1.8.0-262 on DESKTOP-G7PI49N with PID 14260 (C:\Users\derya\eclipse-workspace\springbootegitimserisi-3\target\classes started by derya in C:\Users\derya\eclipse-workspace\springbootegitimserisi-3)
2022-02-27 13:10:30.779  INFO 14260 --- [main] c.d.s.Springbootegitimserisi3Application : No active profile set, falling back to 1 default profile: "default"
2022-02-27 13:10:31.569  INFO 14260 --- [main] .s.d.r.c.RepositoryConfigurationDelegate : Bootstrapping Spring Data JPA repositories in DEFAULT mode.
2022-02-27 13:10:31.636  INFO 14260 --- [main] .s.d.r.c.RepositoryConfigurationDelegate : Finished Spring Data repository scanning in 55 ms. Found 1 JPA repository interfaces.
2022-02-27 13:10:32.531  INFO 14260 --- [main] o.s.b.w.embedded.tomcat.TomcatWebServer  : Tomcat initialized with port(s): 8080 (http)
2022-02-27 13:10:32.550  INFO 14260 --- [main] o.apache.catalina.core.StandardService   : Starting service [Tomcat]
2022-02-27 13:10:32.551  INFO 14260 --- [main] org.apache.catalina.core.StandardEngine  : Starting Servlet engine: [Apache Tomcat/9.0.58]
2022-02-27 13:10:32.655  INFO 14260 --- [main] o.a.c.c.C.[Tomcat].[localhost].[/]       : Initializing Spring embedded WebApplicationContext
2022-02-27 13:10:32.655  INFO 14260 --- [main] w.s.c.ServletWebServerApplicationContext : Root WebApplicationContext: initialization completed in 1821 ms
2022-02-27 13:10:32.937  INFO 14260 --- [main] o.hibernate.jpa.internal.util.LogHelper  : HHH000204: Processing PersistenceUnitInfo [name: default]
2022-02-27 13:10:33.077  INFO 14260 --- [main] org.hibernate.Version                    : HHH000412: Hibernate ORM core version 5.6.5.Final
2022-02-27 13:10:33.405  INFO 14260 --- [main] o.hibernate.annotations.common.Version   : HCANN000001: Hibernate Commons Annotations {5.1.2.Final}
2022-02-27 13:10:33.568  INFO 14260 --- [main] com.zaxxer.hikari.HikariDataSource       : HikariPool-1 - Starting...
2022-02-27 13:10:33.835  INFO 14260 --- [main] com.zaxxer.hikari.HikariDataSource       : HikariPool-1 - Start completed.
2022-02-27 13:10:33.859  INFO 14260 --- [main] org.hibernate.dialect.Dialect            : HHH000400: Using dialect: org.hibernate.dialect.MySQL5InnoDBDialect
2022-02-27 13:10:34.800  INFO 14260 --- [main] o.h.e.t.j.p.i.JtaPlatformInitiator       : HHH000490: Using JtaPlatform implementation: [org.hibernate.engine.transaction.jta.platform.internal.NoJtaPlatform]
2022-02-27 13:10:34.812  INFO 14260 --- [main] j.LocalContainerEntityManagerFactoryBean : Initialized JPA EntityManagerFactory for persistence unit 'default'
2022-02-27 13:10:35.199  WARN 14260 --- [main] JpaBaseConfiguration$JpaWebConfiguration : spring.jpa.open-in-view is enabled by default. Therefore, database queries may be performed during view rendering. Explicitly configure spring.jpa.open-in-view to disable this warning
2022-02-27 13:10:35.763  INFO 14260 --- [main] o.s.s.web.DefaultSecurityFilterChain     : Will not secure any request
2022-02-27 13:10:35.858  INFO 14260 --- [main] o.s.b.w.embedded.tomcat.TomcatWebServer  : Tomcat started on port(s): 8080 (http) with context path ''
2022-02-27 13:10:35.868  INFO 14260 --- [main] c.d.s.Springbootegitimserisi3Application : Started Springbootegitimserisi3Application in 5.641 seconds (JVM running for 7.018)
2022-02-27 13:10:48.957  INFO 14260 --- [http-nio-8080-exec-1] o.a.c.c.C.[Tomcat].[localhost].[/]       : Initializing Spring DispatcherServlet 'dispatcherServlet'
2022-02-27 13:10:48.957  INFO 14260 --- [http-nio-8080-exec-1] o.s.web.servlet.DispatcherServlet        : Initializing Servlet 'dispatcherServlet'
2022-02-27 13:10:48.958  INFO 14260 --- [http-nio-8080-exec-1] o.s.web.servlet.DispatcherServlet        : Completed initialization in 0 ms
2022-02-27 13:14:09.039  INFO 14260 --- [RMI TCP Connection(7)-127.0.0.1] inMXBeanRegistrar$SpringApplicationAdmin : Application shutdown requested.
2022-02-27 13:14:09.269  INFO 14260 --- [RMI TCP Connection(7)-127.0.0.1] j.LocalContainerEntityManagerFactoryBean : Closing JPA EntityManagerFactory for persistence unit 'default'
2022-02-27 13:14:09.277  INFO 14260 --- [RMI TCP Connection(7)-127.0.0.1] com.zaxxer.hikari.HikariDataSource       : HikariPool-1 - Shutdown initiated...
2022-02-27 13:14:09.326  INFO 14260 --- [RMI TCP Connection(7)-127.0.0.1] com.zaxxer.hikari.HikariDataSource       : HikariPool-1 - Shutdown completed.
2022-02-27 13:47:43.448  INFO 3612 --- [main] c.d.s.Springbootegitimserisi3Application : Starting Springbootegitimserisi3Application using Java 1.8.0-262 on DESKTOP-G7PI49N with PID 3612 (C:\Users\derya\eclipse-workspace\springbootegitimserisi-3\target\classes started by derya in C:\Users\derya\eclipse-workspace\springbootegitimserisi-3)
2022-02-27 13:47:43.452  INFO 3612 --- [main] c.d.s.Springbootegitimserisi3Application : No active profile set, falling back to 1 default profile: "default"
2022-02-27 13:47:44.362  INFO 3612 --- [main] .s.d.r.c.RepositoryConfigurationDelegate : Bootstrapping Spring Data JPA repositories in DEFAULT mode.
2022-02-27 13:47:44.438  INFO 3612 --- [main] .s.d.r.c.RepositoryConfigurationDelegate : Finished Spring Data repository scanning in 63 ms. Found 1 JPA repository interfaces.
2022-02-27 13:47:45.076  INFO 3612 --- [main] o.s.b.w.embedded.tomcat.TomcatWebServer  : Tomcat initialized with port(s): 8080 (http)
2022-02-27 13:47:45.088  INFO 3612 --- [main] o.apache.catalina.core.StandardService   : Starting service [Tomcat]
2022-02-27 13:47:45.088  INFO 3612 --- [main] org.apache.catalina.core.StandardEngine  : Starting Servlet engine: [Apache Tomcat/9.0.58]
2022-02-27 13:47:45.171  INFO 3612 --- [main] o.a.c.c.C.[Tomcat].[localhost].[/]       : Initializing Spring embedded WebApplicationContext
2022-02-27 13:47:45.172  INFO 3612 --- [main] w.s.c.ServletWebServerApplicationContext : Root WebApplicationContext: initialization completed in 1633 ms
2022-02-27 13:47:45.388  INFO 3612 --- [main] o.hibernate.jpa.internal.util.LogHelper  : HHH000204: Processing PersistenceUnitInfo [name: default]
2022-02-27 13:47:45.445  INFO 3612 --- [main] org.hibernate.Version                    : HHH000412: Hibernate ORM core version 5.6.5.Final
2022-02-27 13:47:45.719  INFO 3612 --- [main] o.hibernate.annotations.common.Version   : HCANN000001: Hibernate Commons Annotations {5.1.2.Final}
2022-02-27 13:47:45.871  INFO 3612 --- [main] com.zaxxer.hikari.HikariDataSource       : HikariPool-1 - Starting...
2022-02-27 13:47:46.128  INFO 3612 --- [main] com.zaxxer.hikari.HikariDataSource       : HikariPool-1 - Start completed.
2022-02-27 13:47:46.152  INFO 3612 --- [main] org.hibernate.dialect.Dialect            : HHH000400: Using dialect: org.hibernate.dialect.MySQL5Dialect
2022-02-27 13:47:46.898  INFO 3612 --- [main] o.h.e.t.j.p.i.JtaPlatformInitiator       : HHH000490: Using JtaPlatform implementation: [org.hibernate.engine.transaction.jta.platform.internal.NoJtaPlatform]
2022-02-27 13:47:46.912  INFO 3612 --- [main] j.LocalContainerEntityManagerFactoryBean : Initialized JPA EntityManagerFactory for persistence unit 'default'
2022-02-27 13:47:47.207  WARN 3612 --- [main] JpaBaseConfiguration$JpaWebConfiguration : spring.jpa.open-in-view is enabled by default. Therefore, database queries may be performed during view rendering. Explicitly configure spring.jpa.open-in-view to disable this warning
2022-02-27 13:47:47.816  INFO 3612 --- [main] o.s.s.web.DefaultSecurityFilterChain     : Will not secure any request
2022-02-27 13:47:47.911  INFO 3612 --- [main] o.s.b.w.embedded.tomcat.TomcatWebServer  : Tomcat started on port(s): 8080 (http) with context path ''
2022-02-27 13:47:47.925  INFO 3612 --- [main] c.d.s.Springbootegitimserisi3Application : Started Springbootegitimserisi3Application in 5.024 seconds (JVM running for 6.15)
2022-02-27 13:47:56.575  INFO 3612 --- [http-nio-8080-exec-1] o.a.c.c.C.[Tomcat].[localhost].[/]       : Initializing Spring DispatcherServlet 'dispatcherServlet'
2022-02-27 13:47:56.575  INFO 3612 --- [http-nio-8080-exec-1] o.s.web.servlet.DispatcherServlet        : Initializing Servlet 'dispatcherServlet'
2022-02-27 13:47:56.577  INFO 3612 --- [http-nio-8080-exec-1] o.s.web.servlet.DispatcherServlet        : Completed initialization in 1 ms
2022-02-27 13:55:03.301  INFO 3612 --- [RMI TCP Connection(11)-127.0.0.1] inMXBeanRegistrar$SpringApplicationAdmin : Application shutdown requested.
2022-02-27 13:55:03.477  INFO 3612 --- [RMI TCP Connection(11)-127.0.0.1] j.LocalContainerEntityManagerFactoryBean : Closing JPA EntityManagerFactory for persistence unit 'default'
2022-02-27 13:55:03.480  INFO 3612 --- [RMI TCP Connection(11)-127.0.0.1] com.zaxxer.hikari.HikariDataSource       : HikariPool-1 - Shutdown initiated...
2022-02-27 13:55:03.490  INFO 3612 --- [RMI TCP Connection(11)-127.0.0.1] com.zaxxer.hikari.HikariDataSource       : HikariPool-1 - Shutdown completed.
2022-02-27 13:55:16.299  INFO 1920 --- [main] c.d.s.Springbootegitimserisi3Application : Starting Springbootegitimserisi3Application using Java 1.8.0-262 on DESKTOP-G7PI49N with PID 1920 (C:\Users\derya\eclipse-workspace\springbootegitimserisi-3\target\classes started by derya in C:\Users\derya\eclipse-workspace\springbootegitimserisi-3)
2022-02-27 13:55:16.303  INFO 1920 --- [main] c.d.s.Springbootegitimserisi3Application : No active profile set, falling back to 1 default profile: "default"
2022-02-27 13:55:17.161  INFO 1920 --- [main] .s.d.r.c.RepositoryConfigurationDelegate : Bootstrapping Spring Data JPA repositories in DEFAULT mode.
2022-02-27 13:55:17.229  INFO 1920 --- [main] .s.d.r.c.RepositoryConfigurationDelegate : Finished Spring Data repository scanning in 56 ms. Found 1 JPA repository interfaces.
2022-02-27 13:55:17.853  INFO 1920 --- [main] o.s.b.w.embedded.tomcat.TomcatWebServer  : Tomcat initialized with port(s): 8080 (http)
2022-02-27 13:55:17.864  INFO 1920 --- [main] o.apache.catalina.core.StandardService   : Starting service [Tomcat]
2022-02-27 13:55:17.864  INFO 1920 --- [main] org.apache.catalina.core.StandardEngine  : Starting Servlet engine: [Apache Tomcat/9.0.58]
2022-02-27 13:55:17.971  INFO 1920 --- [main] o.a.c.c.C.[Tomcat].[localhost].[/]       : Initializing Spring embedded WebApplicationContext
2022-02-27 13:55:17.971  INFO 1920 --- [main] w.s.c.ServletWebServerApplicationContext : Root WebApplicationContext: initialization completed in 1609 ms
2022-02-27 13:55:18.150  INFO 1920 --- [main] o.hibernate.jpa.internal.util.LogHelper  : HHH000204: Processing PersistenceUnitInfo [name: default]
2022-02-27 13:55:18.202  INFO 1920 --- [main] org.hibernate.Version                    : HHH000412: Hibernate ORM core version 5.6.5.Final
2022-02-27 13:55:18.480  INFO 1920 --- [main] o.hibernate.annotations.common.Version   : HCANN000001: Hibernate Commons Annotations {5.1.2.Final}
2022-02-27 13:55:18.621  INFO 1920 --- [main] com.zaxxer.hikari.HikariDataSource       : HikariPool-1 - Starting...
2022-02-27 13:55:18.628  WARN 1920 --- [main] com.zaxxer.hikari.util.DriverDataSource  : Registered driver with driverClassName=com.mysql.jdbc.Driver was not found, trying direct instantiation.
2022-02-27 13:55:18.850  INFO 1920 --- [main] com.zaxxer.hikari.HikariDataSource       : HikariPool-1 - Start completed.
2022-02-27 13:55:18.874  INFO 1920 --- [main] org.hibernate.dialect.Dialect            : HHH000400: Using dialect: org.hibernate.dialect.MySQL5InnoDBDialect
2022-02-27 13:55:19.600  INFO 1920 --- [main] o.h.e.t.j.p.i.JtaPlatformInitiator       : HHH000490: Using JtaPlatform implementation: [org.hibernate.engine.transaction.jta.platform.internal.NoJtaPlatform]
2022-02-27 13:55:19.610  INFO 1920 --- [main] j.LocalContainerEntityManagerFactoryBean : Initialized JPA EntityManagerFactory for persistence unit 'default'
2022-02-27 13:55:19.933  WARN 1920 --- [main] JpaBaseConfiguration$JpaWebConfiguration : spring.jpa.open-in-view is enabled by default. Therefore, database queries may be performed during view rendering. Explicitly configure spring.jpa.open-in-view to disable this warning
2022-02-27 13:55:20.431  INFO 1920 --- [main] o.s.s.web.DefaultSecurityFilterChain     : Will not secure any request
2022-02-27 13:55:20.562  INFO 1920 --- [main] o.s.b.w.embedded.tomcat.TomcatWebServer  : Tomcat started on port(s): 8080 (http) with context path ''
2022-02-27 13:55:20.573  INFO 1920 --- [main] c.d.s.Springbootegitimserisi3Application : Started Springbootegitimserisi3Application in 4.848 seconds (JVM running for 5.798)
2022-02-27 13:55:31.926  INFO 1920 --- [http-nio-8080-exec-1] o.a.c.c.C.[Tomcat].[localhost].[/]       : Initializing Spring DispatcherServlet 'dispatcherServlet'
2022-02-27 13:55:31.927  INFO 1920 --- [http-nio-8080-exec-1] o.s.web.servlet.DispatcherServlet        : Initializing Servlet 'dispatcherServlet'
2022-02-27 13:55:31.928  INFO 1920 --- [http-nio-8080-exec-1] o.s.web.servlet.DispatcherServlet        : Completed initialization in 1 ms
2022-02-27 13:59:57.382  INFO 1920 --- [RMI TCP Connection(8)-127.0.0.1] inMXBeanRegistrar$SpringApplicationAdmin : Application shutdown requested.
2022-02-27 13:59:57.558  INFO 1920 --- [RMI TCP Connection(8)-127.0.0.1] j.LocalContainerEntityManagerFactoryBean : Closing JPA EntityManagerFactory for persistence unit 'default'
2022-02-27 13:59:57.561  INFO 1920 --- [RMI TCP Connection(8)-127.0.0.1] com.zaxxer.hikari.HikariDataSource       : HikariPool-1 - Shutdown initiated...
2022-02-27 13:59:57.574  INFO 1920 --- [RMI TCP Connection(8)-127.0.0.1] com.zaxxer.hikari.HikariDataSource       : HikariPool-1 - Shutdown completed.
2022-02-27 14:00:43.422  INFO 11708 --- [main] c.d.s.Springbootegitimserisi3Application : Starting Springbootegitimserisi3Application using Java 1.8.0-262 on DESKTOP-G7PI49N with PID 11708 (C:\Users\derya\eclipse-workspace\springbootegitimserisi-3\target\classes started by derya in C:\Users\derya\eclipse-workspace\springbootegitimserisi-3)
2022-02-27 14:00:43.427  INFO 11708 --- [main] c.d.s.Springbootegitimserisi3Application : No active profile set, falling back to 1 default profile: "default"
2022-02-27 14:00:44.318  INFO 11708 --- [main] .s.d.r.c.RepositoryConfigurationDelegate : Bootstrapping Spring Data JPA repositories in DEFAULT mode.
2022-02-27 14:00:44.378  INFO 11708 --- [main] .s.d.r.c.RepositoryConfigurationDelegate : Finished Spring Data repository scanning in 50 ms. Found 1 JPA repository interfaces.
2022-02-27 14:00:45.025  INFO 11708 --- [main] o.s.b.w.embedded.tomcat.TomcatWebServer  : Tomcat initialized with port(s): 8080 (http)
2022-02-27 14:00:45.039  INFO 11708 --- [main] o.apache.catalina.core.StandardService   : Starting service [Tomcat]
2022-02-27 14:00:45.039  INFO 11708 --- [main] org.apache.catalina.core.StandardEngine  : Starting Servlet engine: [Apache Tomcat/9.0.58]
2022-02-27 14:00:45.137  INFO 11708 --- [main] o.a.c.c.C.[Tomcat].[localhost].[/]       : Initializing Spring embedded WebApplicationContext
2022-02-27 14:00:45.137  INFO 11708 --- [main] w.s.c.ServletWebServerApplicationContext : Root WebApplicationContext: initialization completed in 1642 ms
2022-02-27 14:00:45.337  INFO 11708 --- [main] o.hibernate.jpa.internal.util.LogHelper  : HHH000204: Processing PersistenceUnitInfo [name: default]
2022-02-27 14:00:45.401  INFO 11708 --- [main] org.hibernate.Version                    : HHH000412: Hibernate ORM core version 5.6.5.Final
2022-02-27 14:00:45.666  INFO 11708 --- [main] o.hibernate.annotations.common.Version   : HCANN000001: Hibernate Commons Annotations {5.1.2.Final}
2022-02-27 14:00:45.800  INFO 11708 --- [main] com.zaxxer.hikari.HikariDataSource       : HikariPool-1 - Starting...
2022-02-27 14:00:45.806  WARN 11708 --- [main] com.zaxxer.hikari.util.DriverDataSource  : Registered driver with driverClassName=com.mysql.jdbc.Driver was not found, trying direct instantiation.
2022-02-27 14:00:46.030  INFO 11708 --- [main] com.zaxxer.hikari.HikariDataSource       : HikariPool-1 - Start completed.
2022-02-27 14:00:46.059  INFO 11708 --- [main] org.hibernate.dialect.Dialect            : HHH000400: Using dialect: org.hibernate.dialect.MySQL5InnoDBDialect
2022-02-27 14:00:46.780  INFO 11708 --- [main] o.h.e.t.j.p.i.JtaPlatformInitiator       : HHH000490: Using JtaPlatform implementation: [org.hibernate.engine.transaction.jta.platform.internal.NoJtaPlatform]
2022-02-27 14:00:46.789  INFO 11708 --- [main] j.LocalContainerEntityManagerFactoryBean : Initialized JPA EntityManagerFactory for persistence unit 'default'
2022-02-27 14:00:47.102  WARN 11708 --- [main] JpaBaseConfiguration$JpaWebConfiguration : spring.jpa.open-in-view is enabled by default. Therefore, database queries may be performed during view rendering. Explicitly configure spring.jpa.open-in-view to disable this warning
2022-02-27 14:00:47.626  INFO 11708 --- [main] o.s.s.web.DefaultSecurityFilterChain     : Will not secure any request
2022-02-27 14:00:47.714  INFO 11708 --- [main] o.s.b.w.embedded.tomcat.TomcatWebServer  : Tomcat started on port(s): 8080 (http) with context path ''
2022-02-27 14:00:47.723  INFO 11708 --- [main] c.d.s.Springbootegitimserisi3Application : Started Springbootegitimserisi3Application in 4.846 seconds (JVM running for 5.807)
2022-02-27 14:00:59.936  INFO 11708 --- [http-nio-8080-exec-1] o.a.c.c.C.[Tomcat].[localhost].[/]       : Initializing Spring DispatcherServlet 'dispatcherServlet'
2022-02-27 14:00:59.936  INFO 11708 --- [http-nio-8080-exec-1] o.s.web.servlet.DispatcherServlet        : Initializing Servlet 'dispatcherServlet'
2022-02-27 14:00:59.939  INFO 11708 --- [http-nio-8080-exec-1] o.s.web.servlet.DispatcherServlet        : Completed initialization in 2 ms
2022-02-27 14:08:15.470  INFO 11708 --- [RMI TCP Connection(11)-127.0.0.1] inMXBeanRegistrar$SpringApplicationAdmin : Application shutdown requested.
2022-02-27 14:08:15.671  INFO 11708 --- [RMI TCP Connection(11)-127.0.0.1] j.LocalContainerEntityManagerFactoryBean : Closing JPA EntityManagerFactory for persistence unit 'default'
2022-02-27 14:08:15.675  INFO 11708 --- [RMI TCP Connection(11)-127.0.0.1] com.zaxxer.hikari.HikariDataSource       : HikariPool-1 - Shutdown initiated...
2022-02-27 14:08:15.690  INFO 11708 --- [RMI TCP Connection(11)-127.0.0.1] com.zaxxer.hikari.HikariDataSource       : HikariPool-1 - Shutdown completed.
2022-02-27 19:34:48.583  INFO 15672 --- [main] c.d.s.Springbootegitimserisi3Application : Starting Springbootegitimserisi3Application using Java 1.8.0-262 on DESKTOP-G7PI49N with PID 15672 (C:\Users\derya\eclipse-workspace\springbootegitimserisi-3\target\classes started by derya in C:\Users\derya\eclipse-workspace\springbootegitimserisi-3)
2022-02-27 19:34:48.589  INFO 15672 --- [main] c.d.s.Springbootegitimserisi3Application : No active profile set, falling back to 1 default profile: "default"
2022-02-27 19:34:49.609  INFO 15672 --- [main] .s.d.r.c.RepositoryConfigurationDelegate : Bootstrapping Spring Data JPA repositories in DEFAULT mode.
2022-02-27 19:34:49.677  INFO 15672 --- [main] .s.d.r.c.RepositoryConfigurationDelegate : Finished Spring Data repository scanning in 56 ms. Found 1 JPA repository interfaces.
2022-02-27 19:34:50.501  INFO 15672 --- [main] o.s.b.w.embedded.tomcat.TomcatWebServer  : Tomcat initialized with port(s): 8080 (http)
2022-02-27 19:34:50.515  INFO 15672 --- [main] o.apache.catalina.core.StandardService   : Starting service [Tomcat]
2022-02-27 19:34:50.515  INFO 15672 --- [main] org.apache.catalina.core.StandardEngine  : Starting Servlet engine: [Apache Tomcat/9.0.58]
2022-02-27 19:34:50.631  INFO 15672 --- [main] o.a.c.c.C.[Tomcat].[localhost].[/]       : Initializing Spring embedded WebApplicationContext
2022-02-27 19:34:50.631  INFO 15672 --- [main] w.s.c.ServletWebServerApplicationContext : Root WebApplicationContext: initialization completed in 1983 ms
2022-02-27 19:34:50.977  INFO 15672 --- [main] o.hibernate.jpa.internal.util.LogHelper  : HHH000204: Processing PersistenceUnitInfo [name: default]
2022-02-27 19:34:51.059  INFO 15672 --- [main] org.hibernate.Version                    : HHH000412: Hibernate ORM core version 5.6.5.Final
2022-02-27 19:34:51.395  INFO 15672 --- [main] o.hibernate.annotations.common.Version   : HCANN000001: Hibernate Commons Annotations {5.1.2.Final}
2022-02-27 19:34:51.543  INFO 15672 --- [main] com.zaxxer.hikari.HikariDataSource       : HikariPool-1 - Starting...
2022-02-27 19:34:51.549  WARN 15672 --- [main] com.zaxxer.hikari.util.DriverDataSource  : Registered driver with driverClassName=com.mysql.jdbc.Driver was not found, trying direct instantiation.
2022-02-27 19:34:51.757  INFO 15672 --- [main] com.zaxxer.hikari.HikariDataSource       : HikariPool-1 - Start completed.
2022-02-27 19:34:51.778  INFO 15672 --- [main] org.hibernate.dialect.Dialect            : HHH000400: Using dialect: org.hibernate.dialect.MySQL5InnoDBDialect
2022-02-27 19:34:52.496  INFO 15672 --- [main] o.h.e.t.j.p.i.JtaPlatformInitiator       : HHH000490: Using JtaPlatform implementation: [org.hibernate.engine.transaction.jta.platform.internal.NoJtaPlatform]
2022-02-27 19:34:52.507  INFO 15672 --- [main] j.LocalContainerEntityManagerFactoryBean : Initialized JPA EntityManagerFactory for persistence unit 'default'
2022-02-27 19:34:52.902  WARN 15672 --- [main] JpaBaseConfiguration$JpaWebConfiguration : spring.jpa.open-in-view is enabled by default. Therefore, database queries may be performed during view rendering. Explicitly configure spring.jpa.open-in-view to disable this warning
2022-02-27 19:34:53.474  INFO 15672 --- [main] o.s.s.web.DefaultSecurityFilterChain     : Will not secure any request
2022-02-27 19:34:53.560  INFO 15672 --- [main] o.s.b.w.embedded.tomcat.TomcatWebServer  : Tomcat started on port(s): 8080 (http) with context path ''
2022-02-27 19:34:53.569  INFO 15672 --- [main] c.d.s.Springbootegitimserisi3Application : Started Springbootegitimserisi3Application in 5.579 seconds (JVM running for 6.532)
2022-02-27 19:35:16.526  INFO 15672 --- [http-nio-8080-exec-1] o.a.c.c.C.[Tomcat].[localhost].[/]       : Initializing Spring DispatcherServlet 'dispatcherServlet'
2022-02-27 19:35:16.526  INFO 15672 --- [http-nio-8080-exec-1] o.s.web.servlet.DispatcherServlet        : Initializing Servlet 'dispatcherServlet'
2022-02-27 19:35:16.528  INFO 15672 --- [http-nio-8080-exec-1] o.s.web.servlet.DispatcherServlet        : Completed initialization in 2 ms
2022-02-27 19:39:15.301  INFO 15672 --- [RMI TCP Connection(8)-127.0.0.1] inMXBeanRegistrar$SpringApplicationAdmin : Application shutdown requested.
2022-02-27 19:39:15.495  INFO 15672 --- [RMI TCP Connection(8)-127.0.0.1] j.LocalContainerEntityManagerFactoryBean : Closing JPA EntityManagerFactory for persistence unit 'default'
2022-02-27 19:39:15.497  INFO 15672 --- [RMI TCP Connection(8)-127.0.0.1] com.zaxxer.hikari.HikariDataSource       : HikariPool-1 - Shutdown initiated...
2022-02-27 19:39:15.514  INFO 15672 --- [RMI TCP Connection(8)-127.0.0.1] com.zaxxer.hikari.HikariDataSource       : HikariPool-1 - Shutdown completed.
